<?xml version="1.0" encoding="UTF-8"?>
<!-- Generated by org.testng.reporters.JUnitReportReporter -->
<testsuite hostname="LAPTOP-COGKCGD3" failures="0" tests="3" name="com.icehrm_automation.LoginTest.Sample1" time="0.012" errors="0" timestamp="2023-03-14T23:37:27 IST" skipped="0">
  <testcase classname="com.icehrm_automation.LoginTest.Sample1" name="sample1Test1" time="0.008"/>
  <system-out/>
  <testcase classname="com.icehrm_automation.LoginTest.Sample1" name="sample1Test3" time="0.002"/>
  <system-out/>
  <testcase classname="com.icehrm_automation.LoginTest.Sample1" name="sample1Test2" time="0.002"/>
  <system-out/>
</testsuite> <!-- com.icehrm_automation.LoginTest.Sample1 -->
