<?xml version="1.0" encoding="UTF-8"?>
<!-- Generated by org.testng.reporters.JUnitReportReporter -->
<testsuite hostname="LAPTOP-COGKCGD3" failures="0" tests="5" name="com.icehrm_automation.LoginTest.Sample11" time="0.074" errors="0" timestamp="2023-03-16T21:51:42 IST" skipped="0">
  <testcase classname="com.icehrm_automation.LoginTest.Sample11" name="sample1Test2" time="0.013"/>
  <system-out/>
  <testcase classname="com.icehrm_automation.LoginTest.Sample11" name="sample1Test3" time="0.013"/>
  <system-out/>
  <testcase classname="com.icehrm_automation.LoginTest.Sample11" name="sample1Test4" time="0.011"/>
  <system-out/>
  <testcase classname="com.icehrm_automation.LoginTest.Sample11" name="sample1Test5" time="0.010"/>
  <system-out/>
  <testcase classname="com.icehrm_automation.LoginTest.Sample11" name="sample1Test1" time="0.027"/>
  <system-out/>
</testsuite> <!-- com.icehrm_automation.LoginTest.Sample11 -->
