<?xml version="1.0" encoding="UTF-8"?>
<!-- Generated by org.testng.reporters.JUnitReportReporter -->
<testsuite hostname="LAPTOP-COGKCGD3" failures="0" tests="10" name="com.icehrm_automation.LoginTest.ExcelTest" time="0.010" errors="0" timestamp="2023-03-20T23:03:38 IST" skipped="0">
  <testcase classname="com.icehrm_automation.LoginTest.ExcelTest" name="test" time="0.001"/>
  <system-out/>
  <testcase classname="com.icehrm_automation.LoginTest.ExcelTest" name="test" time="0.001"/>
  <system-out/>
  <testcase classname="com.icehrm_automation.LoginTest.ExcelTest" name="test" time="0.001"/>
  <system-out/>
  <testcase classname="com.icehrm_automation.LoginTest.ExcelTest" name="test" time="0.001"/>
  <system-out/>
  <testcase classname="com.icehrm_automation.LoginTest.ExcelTest" name="test" time="0.004"/>
  <system-out/>
  <testcase classname="com.icehrm_automation.LoginTest.ExcelTest" name="test" time="0.001"/>
  <system-out/>
  <testcase classname="com.icehrm_automation.LoginTest.ExcelTest" name="test" time="0.000"/>
  <system-out/>
  <testcase classname="com.icehrm_automation.LoginTest.ExcelTest" name="test" time="0.001"/>
  <system-out/>
  <testcase classname="com.icehrm_automation.LoginTest.ExcelTest" name="test" time="0.000"/>
  <system-out/>
  <testcase classname="com.icehrm_automation.LoginTest.ExcelTest" name="test" time="0.000"/>
  <system-out/>
</testsuite> <!-- com.icehrm_automation.LoginTest.ExcelTest -->
