<?xml version="1.0" encoding="UTF-8"?>
<!-- Generated by org.testng.reporters.JUnitReportReporter -->
<testsuite hostname="LAPTOP-COGKCGD3" failures="0" tests="1" name="com.icehrm_automation.LoginTest.TestAnnotations" time="0.006" errors="0" timestamp="2023-03-13T17:59:37 IST" skipped="0">
  <testcase classname="com.icehrm_automation.LoginTest.TestAnnotations" name="test" time="0.006"/>
  <system-out/>
</testsuite> <!-- com.icehrm_automation.LoginTest.TestAnnotations -->
