<?xml version="1.0" encoding="UTF-8"?>
<!-- Generated by org.testng.reporters.JUnitReportReporter -->
<testsuite hostname="LAPTOP-COGKCGD3" failures="0" tests="5" name="com.icecrm_automation.testngExample.TestNGExample" time="0.013" errors="0" timestamp="2023-03-09T22:17:37 IST" skipped="0">
  <testcase classname="com.icecrm_automation.testngExample.TestNGExample" name="mod" time="0.001"/>
  <system-out/>
  <testcase classname="com.icecrm_automation.testngExample.TestNGExample" name="multi" time="0.001"/>
  <system-out/>
  <testcase classname="com.icecrm_automation.testngExample.TestNGExample" name="div" time="0.001"/>
  <system-out/>
  <testcase classname="com.icecrm_automation.testngExample.TestNGExample" name="add" time="0.009"/>
  <system-out/>
  <testcase classname="com.icecrm_automation.testngExample.TestNGExample" name="sub" time="0.001"/>
  <system-out/>
</testsuite> <!-- com.icecrm_automation.testngExample.TestNGExample -->
