<?xml version="1.0" encoding="UTF-8"?>
<!-- Generated by org.testng.reporters.JUnitReportReporter -->
<testsuite hostname="LAPTOP-COGKCGD3" failures="0" tests="3" name="com.icehrm_automation.LoginTest.Sample2" time="0.014" errors="0" timestamp="2023-03-14T23:37:27 IST" skipped="0">
  <testcase classname="com.icehrm_automation.LoginTest.Sample2" name="sample2Test3" time="0.001"/>
  <system-out/>
  <testcase classname="com.icehrm_automation.LoginTest.Sample2" name="sample2Test1" time="0.010"/>
  <system-out/>
  <testcase classname="com.icehrm_automation.LoginTest.Sample2" name="sample2Test2" time="0.003"/>
  <system-out/>
</testsuite> <!-- com.icehrm_automation.LoginTest.Sample2 -->
